<?xml version="1.0" encoding="utf-8"?>
<TestRun id="8d5bffdc-e690-4062-b444-745e7f604df0" name="user@D3K 2025-01-27 10:43:03" runUser="D3K\user" xmlns="http://microsoft.com/schemas/VisualStudio/TeamTest/2010">
  <Times creation="2025-01-27T10:43:03.9971067+05:30" queuing="2025-01-27T10:43:03.9971076+05:30" start="2025-01-27T10:43:02.4565878+05:30" finish="2025-01-27T10:43:04.0014807+05:30" />
  <TestSettings name="default" id="dec8265d-9722-40f7-9b61-4a89eef4d498">
    <Deployment runDeploymentRoot="user_D3K_2025-01-27_10_43_03" />
  </TestSettings>
  <Results>
    <UnitTestResult executionId="bab18ba7-6a9c-41e1-b18e-bfee985b0d36" testId="277b96ea-ff18-9c70-fbff-1d340d3a5ad2" testName="EmployeeAdminPortal.Tests.UnitTest1.Test1" computerName="D3K" duration="00:00:00.0025194" startTime="2025-01-27T10:43:03.8859285+05:30" endTime="2025-01-27T10:43:03.8941269+05:30" testType="13cdc9d9-ddb5-4fa4-a97d-d965ccfc6d4b" outcome="Passed" testListId="8c84fa94-04c1-424b-9868-57a2d4851a1d" relativeResultsDirectory="bab18ba7-6a9c-41e1-b18e-bfee985b0d36" />
  </Results>
  <TestDefinitions>
    <UnitTest name="EmployeeAdminPortal.Tests.UnitTest1.Test1" storage="c:\users\user\source\repos\new folder (2)\new folder\employeeadminportal\tests\employeeadminportal.tests\bin\debug\net8.0\employeeadminportal.tests.dll" id="277b96ea-ff18-9c70-fbff-1d340d3a5ad2">
      <Execution id="bab18ba7-6a9c-41e1-b18e-bfee985b0d36" />
      <TestMethod codeBase="C:\Users\user\source\repos\New folder (2)\New folder\EmployeeAdminPortal\Tests\EmployeeAdminPortal.Tests\bin\Debug\net8.0\EmployeeAdminPortal.Tests.dll" adapterTypeName="executor://xunit/VsTestRunner3/netcore/" className="EmployeeAdminPortal.Tests.UnitTest1" name="Test1" />
    </UnitTest>
  </TestDefinitions>
  <TestEntries>
    <TestEntry testId="277b96ea-ff18-9c70-fbff-1d340d3a5ad2" executionId="bab18ba7-6a9c-41e1-b18e-bfee985b0d36" testListId="8c84fa94-04c1-424b-9868-57a2d4851a1d" />
  </TestEntries>
  <TestLists>
    <TestList name="Results Not in a List" id="8c84fa94-04c1-424b-9868-57a2d4851a1d" />
    <TestList name="All Loaded Results" id="19431567-8539-422a-85d7-44ee4e166bda" />
  </TestLists>
  <ResultSummary outcome="Completed">
    <Counters total="1" executed="1" passed="1" failed="0" error="0" timeout="0" aborted="0" inconclusive="0" passedButRunAborted="0" notRunnable="0" notExecuted="0" disconnected="0" warning="0" completed="0" inProgress="0" pending="0" />
    <Output>
      <StdOut>[xUnit.net 00:00:00.00] xUnit.net VSTest Adapter v3.0.1+f8675c32e5 (64-bit .NET 8.0.12)&#xD;
[xUnit.net 00:00:00.34]   Discovering: EmployeeAdminPortal.Tests&#xD;
[xUnit.net 00:00:00.37]   Discovered:  EmployeeAdminPortal.Tests&#xD;
[xUnit.net 00:00:00.39]   Starting:    EmployeeAdminPortal.Tests&#xD;
[xUnit.net 00:00:00.42]   Finished:    EmployeeAdminPortal.Tests&#xD;
</StdOut>
    </Output>
  </ResultSummary>
</TestRun>